<?xml version="1.0" encoding="UTF-8"?>
<testng-results ignored="0" total="1" passed="1" failed="0" skipped="0">
  <reporter-output>
  </reporter-output>
  <suite started-at="2018-08-15T07:56:43Z" name="Default suite" finished-at="2018-08-15T07:57:11Z" duration-ms="27753">
    <groups>
    </groups>
    <test started-at="2018-08-15T07:56:43Z" name="Default test" finished-at="2018-08-15T07:57:11Z" duration-ms="27753">
      <class name="com.rl.qa.testcases.RegistrationPageTest">
        <test-method is-config="true" signature="setup()[pri:0, instance:com.rl.qa.testcases.RegistrationPageTest@6ff29830]" started-at="2018-08-15T07:56:44Z" name="setup" finished-at="2018-08-15T07:57:01Z" duration-ms="17644" status="PASS">
          <reporter-output>
          </reporter-output>
        </test-method> <!-- setup -->
        <test-method signature="verifyPageTitle()[pri:0, instance:com.rl.qa.testcases.RegistrationPageTest@6ff29830]" started-at="2018-08-15T07:57:01Z" name="verifyPageTitle" finished-at="2018-08-15T07:57:10Z" duration-ms="9325" status="PASS">
          <reporter-output>
          </reporter-output>
        </test-method> <!-- verifyPageTitle -->
        <test-method is-config="true" signature="close()[pri:0, instance:com.rl.qa.testcases.RegistrationPageTest@6ff29830]" started-at="2018-08-15T07:57:11Z" name="close" finished-at="2018-08-15T07:57:11Z" duration-ms="745" status="PASS">
          <reporter-output>
          </reporter-output>
        </test-method> <!-- close -->
      </class> <!-- com.rl.qa.testcases.RegistrationPageTest -->
    </test> <!-- Default test -->
  </suite> <!-- Default suite -->
</testng-results>
