<?xml version="1.0" encoding="UTF-8"?>
<!-- Generated by org.testng.reporters.JUnitXMLReporter -->
<testsuite ignored="0" hostname="DESKTOP-L6EIHQ1" failures="0" tests="3" name="Default test" time="158.059" errors="0" timestamp="20 Aug 2018 13:22:43 GMT">
  <testcase classname="com.rl.qa.testcases.RegistrationPageTest" name="createUser" time="31.469"/>
  <testcase classname="com.rl.qa.testcases.RegistrationPageTest" name="createUser" time="19.677"/>
  <testcase classname="com.rl.qa.testcases.RegistrationPageTest" name="createUser" time="19.302"/>
</testsuite> <!-- Default test -->
